<?xml version="1.0" encoding="UTF-8"?>
<testsuite xmlns:xsi="http://www.w3.org/2001/XMLSchema-instance" xsi:noNamespaceSchemaLocation="https://maven.apache.org/surefire/maven-surefire-plugin/xsd/surefire-test-report-3.0.xsd" version="3.0" name="com.jerae.jsecurity.managers.AuthManagerTest" time="3.229" tests="5" errors="5" skipped="0" failures="0">
  <properties>
    <property name="java.specification.version" value="21"/>
    <property name="sun.jnu.encoding" value="UTF-8"/>
    <property name="java.class.path" value="/app/target/test-classes:/app/target/classes:/home/jules/.m2/repository/io/papermc/paper/paper-api/1.21.10-R0.1-SNAPSHOT/paper-api-1.21.10-R0.1-SNAPSHOT.jar:/home/jules/.m2/repository/com/google/guava/guava/33.3.1-jre/guava-33.3.1-jre.jar:/home/jules/.m2/repository/com/google/guava/failureaccess/1.0.2/failureaccess-1.0.2.jar:/home/jules/.m2/repository/com/google/guava/listenablefuture/9999.0-empty-to-avoid-conflict-with-guava/listenablefuture-9999.0-empty-to-avoid-conflict-with-guava.jar:/home/jules/.m2/repository/com/google/code/findbugs/jsr305/3.0.2/jsr305-3.0.2.jar:/home/jules/.m2/repository/com/google/errorprone/error_prone_annotations/2.28.0/error_prone_annotations-2.28.0.jar:/home/jules/.m2/repository/com/google/j2objc/j2objc-annotations/3.0.0/j2objc-annotations-3.0.0.jar:/home/jules/.m2/repository/com/google/code/gson/gson/2.11.0/gson-2.11.0.jar:/home/jules/.m2/repository/org/yaml/snakeyaml/2.2/snakeyaml-2.2.jar:/home/jules/.m2/repository/org/joml/joml/1.10.8/joml-1.10.8.jar:/home/jules/.m2/repository/it/unimi/dsi/fastutil/8.5.15/fastutil-8.5.15.jar:/home/jules/.m2/repository/org/apache/logging/log4j/log4j-api/2.24.1/log4j-api-2.24.1.jar:/home/jules/.m2/repository/org/slf4j/slf4j-api/2.0.16/slf4j-api-2.0.16.jar:/home/jules/.m2/repository/com/mojang/brigadier/1.3.10/brigadier-1.3.10.jar:/home/jules/.m2/repository/net/md-5/bungeecord-chat/1.21-R0.2-deprecated+build.21/bungeecord-chat-1.21-R0.2-deprecated+build.21.jar:/home/jules/.m2/repository/org/apache/maven/maven-resolver-provider/3.9.6/maven-resolver-provider-3.9.6.jar:/home/jules/.m2/repository/org/apache/maven/maven-model/3.9.6/maven-model-3.9.6.jar:/home/jules/.m2/repository/org/apache/maven/maven-model-builder/3.9.6/maven-model-builder-3.9.6.jar:/home/jules/.m2/repository/org/codehaus/plexus/plexus-interpolation/1.26/plexus-interpolation-1.26.jar:/home/jules/.m2/repository/org/apache/maven/maven-artifact/3.9.6/maven-artifact-3.9.6.jar:/home/jules/.m2/repository/org/apache/commons/commons-lang3/3.12.0/commons-lang3-3.12.0.jar:/home/jules/.m2/repository/org/apache/maven/maven-builder-support/3.9.6/maven-builder-support-3.9.6.jar:/home/jules/.m2/repository/org/eclipse/sisu/org.eclipse.sisu.inject/0.9.0.M2/org.eclipse.sisu.inject-0.9.0.M2.jar:/home/jules/.m2/repository/org/apache/maven/maven-repository-metadata/3.9.6/maven-repository-metadata-3.9.6.jar:/home/jules/.m2/repository/org/apache/maven/resolver/maven-resolver-api/1.9.18/maven-resolver-api-1.9.18.jar:/home/jules/.m2/repository/org/apache/maven/resolver/maven-resolver-spi/1.9.18/maven-resolver-spi-1.9.18.jar:/home/jules/.m2/repository/org/apache/maven/resolver/maven-resolver-util/1.9.18/maven-resolver-util-1.9.18.jar:/home/jules/.m2/repository/org/apache/maven/resolver/maven-resolver-impl/1.9.18/maven-resolver-impl-1.9.18.jar:/home/jules/.m2/repository/org/apache/maven/resolver/maven-resolver-named-locks/1.9.18/maven-resolver-named-locks-1.9.18.jar:/home/jules/.m2/repository/org/codehaus/plexus/plexus-utils/3.5.1/plexus-utils-3.5.1.jar:/home/jules/.m2/repository/javax/inject/javax.inject/1/javax.inject-1.jar:/home/jules/.m2/repository/org/jspecify/jspecify/1.0.0/jspecify-1.0.0.jar:/home/jules/.m2/repository/net/kyori/adventure-api/4.25.0/adventure-api-4.25.0.jar:/home/jules/.m2/repository/net/kyori/adventure-key/4.25.0/adventure-key-4.25.0.jar:/home/jules/.m2/repository/net/kyori/examination-api/1.3.0/examination-api-1.3.0.jar:/home/jules/.m2/repository/net/kyori/examination-string/1.3.0/examination-string-1.3.0.jar:/home/jules/.m2/repository/net/kyori/adventure-text-minimessage/4.25.0/adventure-text-minimessage-4.25.0.jar:/home/jules/.m2/repository/net/kyori/adventure-text-serializer-gson/4.25.0/adventure-text-serializer-gson-4.25.0.jar:/home/jules/.m2/repository/net/kyori/adventure-text-serializer-json/4.25.0/adventure-text-serializer-json-4.25.0.jar:/home/jules/.m2/repository/net/kyori/option/1.1.0/option-1.1.0.jar:/home/jules/.m2/repository/com/google/auto/service/auto-service-annotations/1.1.1/auto-service-annotations-1.1.1.jar:/home/jules/.m2/repository/net/kyori/adventure-text-serializer-commons/4.25.0/adventure-text-serializer-commons-4.25.0.jar:/home/jules/.m2/repository/net/kyori/adventure-text-serializer-legacy/4.25.0/adventure-text-serializer-legacy-4.25.0.jar:/home/jules/.m2/repository/net/kyori/adventure-text-serializer-plain/4.25.0/adventure-text-serializer-plain-4.25.0.jar:/home/jules/.m2/repository/net/kyori/adventure-text-logger-slf4j/4.25.0/adventure-text-logger-slf4j-4.25.0.jar:/home/jules/.m2/repository/org/checkerframework/checker-qual/3.49.2/checker-qual-3.49.2.jar:/home/jules/.m2/repository/org/apache/maven/resolver/maven-resolver-connector-basic/1.9.18/maven-resolver-connector-basic-1.9.18.jar:/home/jules/.m2/repository/org/apache/maven/resolver/maven-resolver-transport-http/1.9.18/maven-resolver-transport-http-1.9.18.jar:/home/jules/.m2/repository/org/apache/httpcomponents/httpclient/4.5.14/httpclient-4.5.14.jar:/home/jules/.m2/repository/org/apache/httpcomponents/httpcore/4.4.16/httpcore-4.4.16.jar:/home/jules/.m2/repository/commons-codec/commons-codec/1.16.0/commons-codec-1.16.0.jar:/home/jules/.m2/repository/org/slf4j/jcl-over-slf4j/1.7.36/jcl-over-slf4j-1.7.36.jar:/home/jules/.m2/repository/org/junit/jupiter/junit-jupiter-api/5.10.0/junit-jupiter-api-5.10.0.jar:/home/jules/.m2/repository/org/opentest4j/opentest4j/1.3.0/opentest4j-1.3.0.jar:/home/jules/.m2/repository/org/junit/platform/junit-platform-commons/1.10.0/junit-platform-commons-1.10.0.jar:/home/jules/.m2/repository/org/apiguardian/apiguardian-api/1.1.2/apiguardian-api-1.1.2.jar:/home/jules/.m2/repository/org/junit/jupiter/junit-jupiter-engine/5.10.0/junit-jupiter-engine-5.10.0.jar:/home/jules/.m2/repository/org/junit/platform/junit-platform-engine/1.10.0/junit-platform-engine-1.10.0.jar:/home/jules/.m2/repository/org/mockito/mockito-core/5.10.0/mockito-core-5.10.0.jar:/home/jules/.m2/repository/net/bytebuddy/byte-buddy/1.14.11/byte-buddy-1.14.11.jar:/home/jules/.m2/repository/net/bytebuddy/byte-buddy-agent/1.14.11/byte-buddy-agent-1.14.11.jar:/home/jules/.m2/repository/org/objenesis/objenesis/3.3/objenesis-3.3.jar:/home/jules/.m2/repository/org/mockito/mockito-junit-jupiter/5.10.0/mockito-junit-jupiter-5.10.0.jar:/home/jules/.m2/repository/org/mockbukkit/mockbukkit/mockbukkit-v1.21/4.0.0/mockbukkit-v1.21-4.0.0.jar:/home/jules/.m2/repository/org/junit/jupiter/junit-jupiter/5.11.3/junit-jupiter-5.11.3.jar:/home/jules/.m2/repository/org/junit/jupiter/junit-jupiter-params/5.11.3/junit-jupiter-params-5.11.3.jar:/home/jules/.m2/repository/net/kyori/adventure-platform-bungeecord/4.3.4/adventure-platform-bungeecord-4.3.4.jar:/home/jules/.m2/repository/net/kyori/adventure-platform-api/4.3.4/adventure-platform-api-4.3.4.jar:/home/jules/.m2/repository/net/kyori/adventure-text-serializer-bungeecord/4.3.4/adventure-text-serializer-bungeecord-4.3.4.jar:/home/jules/.m2/repository/net/kyori/adventure-platform-facet/4.3.4/adventure-platform-facet-4.3.4.jar:/home/jules/.m2/repository/net/kyori/adventure-nbt/4.13.1/adventure-nbt-4.13.1.jar:/home/jules/.m2/repository/org/jetbrains/annotations/26.0.0/annotations-26.0.0.jar:/home/jules/.m2/repository/org/hamcrest/hamcrest/2.2/hamcrest-2.2.jar:/home/jules/.m2/repository/org/xerial/sqlite-jdbc/3.41.2.1/sqlite-jdbc-3.41.2.1.jar:/home/jules/.m2/repository/com/mysql/mysql-connector-j/8.0.33/mysql-connector-j-8.0.33.jar:/home/jules/.m2/repository/com/google/protobuf/protobuf-java/3.21.9/protobuf-java-3.21.9.jar:/home/jules/.m2/repository/com/zaxxer/HikariCP/5.0.1/HikariCP-5.0.1.jar:/home/jules/.m2/repository/org/apache/logging/log4j/log4j-core/2.24.1/log4j-core-2.24.1.jar:/home/jules/.m2/repository/org/mindrot/jbcrypt/0.4/jbcrypt-0.4.jar:"/>
    <property name="java.vm.vendor" value="Ubuntu"/>
    <property name="sun.arch.data.model" value="64"/>
    <property name="java.vendor.url" value="https://ubuntu.com/"/>
    <property name="user.timezone" value="Etc/UTC"/>
    <property name="os.name" value="Linux"/>
    <property name="java.vm.specification.version" value="21"/>
    <property name="sun.java.launcher" value="SUN_STANDARD"/>
    <property name="sun.boot.library.path" value="/usr/lib/jvm/java-21-openjdk-amd64/lib"/>
    <property name="sun.java.command" value="/app/target/surefire/surefirebooter-20251015183600010_13.jar /app/target/surefire 2025-10-15T18-35-59_558-jvmRun1 surefire-20251015183600010_11tmp surefire_3-20251015183600010_12tmp"/>
    <property name="jdk.debug" value="release"/>
    <property name="surefire.test.class.path" value="/app/target/test-classes:/app/target/classes:/home/jules/.m2/repository/io/papermc/paper/paper-api/1.21.10-R0.1-SNAPSHOT/paper-api-1.21.10-R0.1-SNAPSHOT.jar:/home/jules/.m2/repository/com/google/guava/guava/33.3.1-jre/guava-33.3.1-jre.jar:/home/jules/.m2/repository/com/google/guava/failureaccess/1.0.2/failureaccess-1.0.2.jar:/home/jules/.m2/repository/com/google/guava/listenablefuture/9999.0-empty-to-avoid-conflict-with-guava/listenablefuture-9999.0-empty-to-avoid-conflict-with-guava.jar:/home/jules/.m2/repository/com/google/code/findbugs/jsr305/3.0.2/jsr305-3.0.2.jar:/home/jules/.m2/repository/com/google/errorprone/error_prone_annotations/2.28.0/error_prone_annotations-2.28.0.jar:/home/jules/.m2/repository/com/google/j2objc/j2objc-annotations/3.0.0/j2objc-annotations-3.0.0.jar:/home/jules/.m2/repository/com/google/code/gson/gson/2.11.0/gson-2.11.0.jar:/home/jules/.m2/repository/org/yaml/snakeyaml/2.2/snakeyaml-2.2.jar:/home/jules/.m2/repository/org/joml/joml/1.10.8/joml-1.10.8.jar:/home/jules/.m2/repository/it/unimi/dsi/fastutil/8.5.15/fastutil-8.5.15.jar:/home/jules/.m2/repository/org/apache/logging/log4j/log4j-api/2.24.1/log4j-api-2.24.1.jar:/home/jules/.m2/repository/org/slf4j/slf4j-api/2.0.16/slf4j-api-2.0.16.jar:/home/jules/.m2/repository/com/mojang/brigadier/1.3.10/brigadier-1.3.10.jar:/home/jules/.m2/repository/net/md-5/bungeecord-chat/1.21-R0.2-deprecated+build.21/bungeecord-chat-1.21-R0.2-deprecated+build.21.jar:/home/jules/.m2/repository/org/apache/maven/maven-resolver-provider/3.9.6/maven-resolver-provider-3.9.6.jar:/home/jules/.m2/repository/org/apache/maven/maven-model/3.9.6/maven-model-3.9.6.jar:/home/jules/.m2/repository/org/apache/maven/maven-model-builder/3.9.6/maven-model-builder-3.9.6.jar:/home/jules/.m2/repository/org/codehaus/plexus/plexus-interpolation/1.26/plexus-interpolation-1.26.jar:/home/jules/.m2/repository/org/apache/maven/maven-artifact/3.9.6/maven-artifact-3.9.6.jar:/home/jules/.m2/repository/org/apache/commons/commons-lang3/3.12.0/commons-lang3-3.12.0.jar:/home/jules/.m2/repository/org/apache/maven/maven-builder-support/3.9.6/maven-builder-support-3.9.6.jar:/home/jules/.m2/repository/org/eclipse/sisu/org.eclipse.sisu.inject/0.9.0.M2/org.eclipse.sisu.inject-0.9.0.M2.jar:/home/jules/.m2/repository/org/apache/maven/maven-repository-metadata/3.9.6/maven-repository-metadata-3.9.6.jar:/home/jules/.m2/repository/org/apache/maven/resolver/maven-resolver-api/1.9.18/maven-resolver-api-1.9.18.jar:/home/jules/.m2/repository/org/apache/maven/resolver/maven-resolver-spi/1.9.18/maven-resolver-spi-1.9.18.jar:/home/jules/.m2/repository/org/apache/maven/resolver/maven-resolver-util/1.9.18/maven-resolver-util-1.9.18.jar:/home/jules/.m2/repository/org/apache/maven/resolver/maven-resolver-impl/1.9.18/maven-resolver-impl-1.9.18.jar:/home/jules/.m2/repository/org/apache/maven/resolver/maven-resolver-named-locks/1.9.18/maven-resolver-named-locks-1.9.18.jar:/home/jules/.m2/repository/org/codehaus/plexus/plexus-utils/3.5.1/plexus-utils-3.5.1.jar:/home/jules/.m2/repository/javax/inject/javax.inject/1/javax.inject-1.jar:/home/jules/.m2/repository/org/jspecify/jspecify/1.0.0/jspecify-1.0.0.jar:/home/jules/.m2/repository/net/kyori/adventure-api/4.25.0/adventure-api-4.25.0.jar:/home/jules/.m2/repository/net/kyori/adventure-key/4.25.0/adventure-key-4.25.0.jar:/home/jules/.m2/repository/net/kyori/examination-api/1.3.0/examination-api-1.3.0.jar:/home/jules/.m2/repository/net/kyori/examination-string/1.3.0/examination-string-1.3.0.jar:/home/jules/.m2/repository/net/kyori/adventure-text-minimessage/4.25.0/adventure-text-minimessage-4.25.0.jar:/home/jules/.m2/repository/net/kyori/adventure-text-serializer-gson/4.25.0/adventure-text-serializer-gson-4.25.0.jar:/home/jules/.m2/repository/net/kyori/adventure-text-serializer-json/4.25.0/adventure-text-serializer-json-4.25.0.jar:/home/jules/.m2/repository/net/kyori/option/1.1.0/option-1.1.0.jar:/home/jules/.m2/repository/com/google/auto/service/auto-service-annotations/1.1.1/auto-service-annotations-1.1.1.jar:/home/jules/.m2/repository/net/kyori/adventure-text-serializer-commons/4.25.0/adventure-text-serializer-commons-4.25.0.jar:/home/jules/.m2/repository/net/kyori/adventure-text-serializer-legacy/4.25.0/adventure-text-serializer-legacy-4.25.0.jar:/home/jules/.m2/repository/net/kyori/adventure-text-serializer-plain/4.25.0/adventure-text-serializer-plain-4.25.0.jar:/home/jules/.m2/repository/net/kyori/adventure-text-logger-slf4j/4.25.0/adventure-text-logger-slf4j-4.25.0.jar:/home/jules/.m2/repository/org/checkerframework/checker-qual/3.49.2/checker-qual-3.49.2.jar:/home/jules/.m2/repository/org/apache/maven/resolver/maven-resolver-connector-basic/1.9.18/maven-resolver-connector-basic-1.9.18.jar:/home/jules/.m2/repository/org/apache/maven/resolver/maven-resolver-transport-http/1.9.18/maven-resolver-transport-http-1.9.18.jar:/home/jules/.m2/repository/org/apache/httpcomponents/httpclient/4.5.14/httpclient-4.5.14.jar:/home/jules/.m2/repository/org/apache/httpcomponents/httpcore/4.4.16/httpcore-4.4.16.jar:/home/jules/.m2/repository/commons-codec/commons-codec/1.16.0/commons-codec-1.16.0.jar:/home/jules/.m2/repository/org/slf4j/jcl-over-slf4j/1.7.36/jcl-over-slf4j-1.7.36.jar:/home/jules/.m2/repository/org/junit/jupiter/junit-jupiter-api/5.10.0/junit-jupiter-api-5.10.0.jar:/home/jules/.m2/repository/org/opentest4j/opentest4j/1.3.0/opentest4j-1.3.0.jar:/home/jules/.m2/repository/org/junit/platform/junit-platform-commons/1.10.0/junit-platform-commons-1.10.0.jar:/home/jules/.m2/repository/org/apiguardian/apiguardian-api/1.1.2/apiguardian-api-1.1.2.jar:/home/jules/.m2/repository/org/junit/jupiter/junit-jupiter-engine/5.10.0/junit-jupiter-engine-5.10.0.jar:/home/jules/.m2/repository/org/junit/platform/junit-platform-engine/1.10.0/junit-platform-engine-1.10.0.jar:/home/jules/.m2/repository/org/mockito/mockito-core/5.10.0/mockito-core-5.10.0.jar:/home/jules/.m2/repository/net/bytebuddy/byte-buddy/1.14.11/byte-buddy-1.14.11.jar:/home/jules/.m2/repository/net/bytebuddy/byte-buddy-agent/1.14.11/byte-buddy-agent-1.14.11.jar:/home/jules/.m2/repository/org/objenesis/objenesis/3.3/objenesis-3.3.jar:/home/jules/.m2/repository/org/mockito/mockito-junit-jupiter/5.10.0/mockito-junit-jupiter-5.10.0.jar:/home/jules/.m2/repository/org/mockbukkit/mockbukkit/mockbukkit-v1.21/4.0.0/mockbukkit-v1.21-4.0.0.jar:/home/jules/.m2/repository/org/junit/jupiter/junit-jupiter/5.11.3/junit-jupiter-5.11.3.jar:/home/jules/.m2/repository/org/junit/jupiter/junit-jupiter-params/5.11.3/junit-jupiter-params-5.11.3.jar:/home/jules/.m2/repository/net/kyori/adventure-platform-bungeecord/4.3.4/adventure-platform-bungeecord-4.3.4.jar:/home/jules/.m2/repository/net/kyori/adventure-platform-api/4.3.4/adventure-platform-api-4.3.4.jar:/home/jules/.m2/repository/net/kyori/adventure-text-serializer-bungeecord/4.3.4/adventure-text-serializer-bungeecord-4.3.4.jar:/home/jules/.m2/repository/net/kyori/adventure-platform-facet/4.3.4/adventure-platform-facet-4.3.4.jar:/home/jules/.m2/repository/net/kyori/adventure-nbt/4.13.1/adventure-nbt-4.13.1.jar:/home/jules/.m2/repository/org/jetbrains/annotations/26.0.0/annotations-26.0.0.jar:/home/jules/.m2/repository/org/hamcrest/hamcrest/2.2/hamcrest-2.2.jar:/home/jules/.m2/repository/org/xerial/sqlite-jdbc/3.41.2.1/sqlite-jdbc-3.41.2.1.jar:/home/jules/.m2/repository/com/mysql/mysql-connector-j/8.0.33/mysql-connector-j-8.0.33.jar:/home/jules/.m2/repository/com/google/protobuf/protobuf-java/3.21.9/protobuf-java-3.21.9.jar:/home/jules/.m2/repository/com/zaxxer/HikariCP/5.0.1/HikariCP-5.0.1.jar:/home/jules/.m2/repository/org/apache/logging/log4j/log4j-core/2.24.1/log4j-core-2.24.1.jar:/home/jules/.m2/repository/org/mindrot/jbcrypt/0.4/jbcrypt-0.4.jar:"/>
    <property name="sun.cpu.endian" value="little"/>
    <property name="user.home" value="/home/jules"/>
    <property name="user.language" value="en"/>
    <property name="java.specification.vendor" value="Oracle Corporation"/>
    <property name="java.version.date" value="2025-07-15"/>
    <property name="java.home" value="/usr/lib/jvm/java-21-openjdk-amd64"/>
    <property name="file.separator" value="/"/>
    <property name="basedir" value="/app"/>
    <property name="java.vm.compressedOopsMode" value="32-bit"/>
    <property name="line.separator" value="&#10;"/>
    <property name="java.vm.specification.vendor" value="Oracle Corporation"/>
    <property name="java.specification.name" value="Java Platform API Specification"/>
    <property name="surefire.real.class.path" value="/app/target/surefire/surefirebooter-20251015183600010_13.jar"/>
    <property name="sun.management.compiler" value="HotSpot 64-Bit Tiered Compilers"/>
    <property name="java.runtime.version" value="21.0.8+9-Ubuntu-0ubuntu124.04.1"/>
    <property name="user.name" value="jules"/>
    <property name="stdout.encoding" value="UTF-8"/>
    <property name="path.separator" value=":"/>
    <property name="os.version" value="6.8.0"/>
    <property name="java.runtime.name" value="OpenJDK Runtime Environment"/>
    <property name="file.encoding" value="UTF-8"/>
    <property name="java.vm.name" value="OpenJDK 64-Bit Server VM"/>
    <property name="localRepository" value="/home/jules/.m2/repository"/>
    <property name="java.vendor.url.bug" value="https://bugs.launchpad.net/ubuntu/+source/openjdk-21"/>
    <property name="java.io.tmpdir" value="/tmp"/>
    <property name="java.version" value="21.0.8"/>
    <property name="user.dir" value="/app"/>
    <property name="os.arch" value="amd64"/>
    <property name="java.vm.specification.name" value="Java Virtual Machine Specification"/>
    <property name="native.encoding" value="UTF-8"/>
    <property name="java.library.path" value="/usr/java/packages/lib:/usr/lib/x86_64-linux-gnu/jni:/lib/x86_64-linux-gnu:/usr/lib/x86_64-linux-gnu:/usr/lib/jni:/lib:/usr/lib"/>
    <property name="stderr.encoding" value="UTF-8"/>
    <property name="java.vm.info" value="mixed mode, sharing"/>
    <property name="java.vendor" value="Ubuntu"/>
    <property name="java.vm.version" value="21.0.8+9-Ubuntu-0ubuntu124.04.1"/>
    <property name="sun.io.unicode.encoding" value="UnicodeLittle"/>
    <property name="java.class.version" value="65.0"/>
  </properties>
  <testcase name="testHandlePlayerJoin_SessionReconnectMessage" classname="com.jerae.jsecurity.managers.AuthManagerTest" time="3.109">
    <error message="io.papermc.paper.registry.RegistryAccess: Provider org.mockbukkit.mockbukkit.registry.RegistryAccessMock could not be instantiated" type="java.util.ServiceConfigurationError"><![CDATA[java.util.ServiceConfigurationError: io.papermc.paper.registry.RegistryAccess: Provider org.mockbukkit.mockbukkit.registry.RegistryAccessMock could not be instantiated
	at java.base/java.util.ServiceLoader.fail(ServiceLoader.java:586)
	at java.base/java.util.ServiceLoader$ProviderImpl.newInstance(ServiceLoader.java:813)
	at java.base/java.util.ServiceLoader$ProviderImpl.get(ServiceLoader.java:729)
	at java.base/java.util.ServiceLoader$3.next(ServiceLoader.java:1403)
	at java.base/java.util.ServiceLoader.findFirst(ServiceLoader.java:1813)
	at io.papermc.paper.registry.RegistryAccessHolder.<clinit>(RegistryAccessHolder.java:8)
	at io.papermc.paper.registry.RegistryAccess.registryAccess(RegistryAccess.java:24)
	at org.bukkit.Registry.legacyRegistryFor(Registry.java:67)
	at org.bukkit.Registry.<clinit>(Registry.java:97)
	at org.bukkit.Material.lambda$new$0(Material.java:2777)
	at com.google.common.base.Suppliers$NonSerializableMemoizingSupplier.get(Suppliers.java:200)
	at org.bukkit.Material.asItemType(Material.java:3641)
	at org.bukkit.inventory.ItemStack.of(ItemStack.java:63)
	at org.bukkit.inventory.ItemStack.<init>(ItemStack.java:159)
	at org.bukkit.inventory.ItemStack.<init>(ItemStack.java:138)
	at org.bukkit.inventory.ItemStack.<init>(ItemStack.java:125)
	at org.bukkit.inventory.ItemStack.<init>(ItemStack.java:108)
	at com.jerae.jsecurity.managers.AuthManagerTest.setUp(AuthManagerTest.java:45)
	at java.base/java.lang.reflect.Method.invoke(Method.java:580)
	at java.base/java.util.ArrayList.forEach(ArrayList.java:1596)
	at java.base/java.util.ArrayList.forEach(ArrayList.java:1596)
Caused by: java.lang.ExceptionInInitializerError
	at java.base/jdk.internal.misc.Unsafe.ensureClassInitialized0(Native Method)
	at java.base/jdk.internal.misc.Unsafe.ensureClassInitialized(Unsafe.java:1160)
	at java.base/jdk.internal.reflect.MethodHandleAccessorFactory.ensureClassInitialized(MethodHandleAccessorFactory.java:300)
	at java.base/jdk.internal.reflect.MethodHandleAccessorFactory.newConstructorAccessor(MethodHandleAccessorFactory.java:103)
	at java.base/jdk.internal.reflect.ReflectionFactory.newConstructorAccessor(ReflectionFactory.java:200)
	at java.base/java.lang.reflect.Constructor.acquireConstructorAccessor(Constructor.java:549)
	at java.base/java.lang.reflect.Constructor.newInstanceWithCaller(Constructor.java:499)
	at java.base/java.lang.reflect.Constructor.newInstance(Constructor.java:486)
	at java.base/java.util.ServiceLoader$ProviderImpl.newInstance(ServiceLoader.java:789)
	... 19 more
Caused by: java.lang.NullPointerException: Cannot invoke "com.google.gson.JsonElement.getAsString()" because the return value of "com.google.gson.JsonObject.get(String)" is null
	at org.mockbukkit.mockbukkit.registry.RegistryAccessMock.createClassToKeyConversions(RegistryAccessMock.java:135)
	at org.mockbukkit.mockbukkit.registry.RegistryAccessMock.<clinit>(RegistryAccessMock.java:35)
	... 28 more
]]></error>
    <system-err><![CDATA[WARNING: A Java agent has been loaded dynamically (/home/jules/.m2/repository/net/bytebuddy/byte-buddy-agent/1.14.11/byte-buddy-agent-1.14.11.jar)
WARNING: If a serviceability tool is in use, please run with -XX:+EnableDynamicAgentLoading to hide this warning
WARNING: If a serviceability tool is not in use, please run with -Djdk.instrument.traceUsage for more information
WARNING: Dynamic loading of agents will be disallowed by default in a future release
]]></system-err>
  </testcase>
  <testcase name="testUnregister" classname="com.jerae.jsecurity.managers.AuthManagerTest" time="0.011">
    <error message="&#10;Unfinished stubbing detected here:&#10;-&gt; at com.jerae.jsecurity.managers.AuthManagerTest.setUp(AuthManagerTest.java:45)&#10;&#10;E.g. thenReturn() may be missing.&#10;Examples of correct stubbing:&#10;    when(mock.isOk()).thenReturn(true);&#10;    when(mock.isOk()).thenThrow(exception);&#10;    doThrow(exception).when(mock).someVoidMethod();&#10;Hints:&#10; 1. missing thenReturn()&#10; 2. you are trying to stub a final method, which is not supported&#10; 3. you are stubbing the behaviour of another mock inside before &apos;thenReturn&apos; instruction is completed&#10;" type="org.mockito.exceptions.misusing.UnfinishedStubbingException"><![CDATA[org.mockito.exceptions.misusing.UnfinishedStubbingException:

Unfinished stubbing detected here:
-> at com.jerae.jsecurity.managers.AuthManagerTest.setUp(AuthManagerTest.java:45)

E.g. thenReturn() may be missing.
Examples of correct stubbing:
    when(mock.isOk()).thenReturn(true);
    when(mock.isOk()).thenThrow(exception);
    doThrow(exception).when(mock).someVoidMethod();
Hints:
 1. missing thenReturn()
 2. you are trying to stub a final method, which is not supported
 3. you are stubbing the behaviour of another mock inside before 'thenReturn' instruction is completed

	at com.jerae.jsecurity.managers.AuthManagerTest.setUp(AuthManagerTest.java:42)
	at java.base/java.lang.reflect.Method.invoke(Method.java:580)
	at java.base/java.util.ArrayList.forEach(ArrayList.java:1596)
	at java.base/java.util.ArrayList.forEach(ArrayList.java:1596)
]]></error>
  </testcase>
  <testcase name="testLoginPlayer" classname="com.jerae.jsecurity.managers.AuthManagerTest" time="0.006">
    <error message="Could not initialize class org.bukkit.Registry" type="java.lang.NoClassDefFoundError"><![CDATA[java.lang.NoClassDefFoundError: Could not initialize class org.bukkit.Registry
	at org.bukkit.Material.lambda$new$0(Material.java:2777)
	at com.google.common.base.Suppliers$NonSerializableMemoizingSupplier.get(Suppliers.java:200)
	at org.bukkit.Material.asItemType(Material.java:3641)
	at org.bukkit.inventory.ItemStack.of(ItemStack.java:63)
	at org.bukkit.inventory.ItemStack.<init>(ItemStack.java:159)
	at org.bukkit.inventory.ItemStack.<init>(ItemStack.java:138)
	at org.bukkit.inventory.ItemStack.<init>(ItemStack.java:125)
	at org.bukkit.inventory.ItemStack.<init>(ItemStack.java:108)
	at com.jerae.jsecurity.managers.AuthManagerTest.setUp(AuthManagerTest.java:45)
	at java.base/java.lang.reflect.Method.invoke(Method.java:580)
	at java.base/java.util.ArrayList.forEach(ArrayList.java:1596)
	at java.base/java.util.ArrayList.forEach(ArrayList.java:1596)
Caused by: java.lang.ExceptionInInitializerError: Exception java.util.ServiceConfigurationError: io.papermc.paper.registry.RegistryAccess: Provider org.mockbukkit.mockbukkit.registry.RegistryAccessMock could not be instantiated [in thread "main"]
	at java.base/java.util.ServiceLoader.fail(ServiceLoader.java:586)
	at java.base/java.util.ServiceLoader$ProviderImpl.newInstance(ServiceLoader.java:813)
	at java.base/java.util.ServiceLoader$ProviderImpl.get(ServiceLoader.java:729)
	at java.base/java.util.ServiceLoader$3.next(ServiceLoader.java:1403)
	at java.base/java.util.ServiceLoader.findFirst(ServiceLoader.java:1813)
	at io.papermc.paper.registry.RegistryAccessHolder.<clinit>(RegistryAccessHolder.java:8)
	at io.papermc.paper.registry.RegistryAccess.registryAccess(RegistryAccess.java:24)
	at org.bukkit.Registry.legacyRegistryFor(Registry.java:67)
	at org.bukkit.Registry.<clinit>(Registry.java:97)
	... 12 more
]]></error>
  </testcase>
  <testcase name="testHandlePlayerJoin_AuthEnabled" classname="com.jerae.jsecurity.managers.AuthManagerTest" time="0.003">
    <error message="&#10;Unfinished stubbing detected here:&#10;-&gt; at com.jerae.jsecurity.managers.AuthManagerTest.setUp(AuthManagerTest.java:45)&#10;&#10;E.g. thenReturn() may be missing.&#10;Examples of correct stubbing:&#10;    when(mock.isOk()).thenReturn(true);&#10;    when(mock.isOk()).thenThrow(exception);&#10;    doThrow(exception).when(mock).someVoidMethod();&#10;Hints:&#10; 1. missing thenReturn()&#10; 2. you are trying to stub a final method, which is not supported&#10; 3. you are stubbing the behaviour of another mock inside before &apos;thenReturn&apos; instruction is completed&#10;" type="org.mockito.exceptions.misusing.UnfinishedStubbingException"><![CDATA[org.mockito.exceptions.misusing.UnfinishedStubbingException:

Unfinished stubbing detected here:
-> at com.jerae.jsecurity.managers.AuthManagerTest.setUp(AuthManagerTest.java:45)

E.g. thenReturn() may be missing.
Examples of correct stubbing:
    when(mock.isOk()).thenReturn(true);
    when(mock.isOk()).thenThrow(exception);
    doThrow(exception).when(mock).someVoidMethod();
Hints:
 1. missing thenReturn()
 2. you are trying to stub a final method, which is not supported
 3. you are stubbing the behaviour of another mock inside before 'thenReturn' instruction is completed

	at com.jerae.jsecurity.managers.AuthManagerTest.setUp(AuthManagerTest.java:42)
	at java.base/java.lang.reflect.Method.invoke(Method.java:580)
	at java.base/java.util.ArrayList.forEach(ArrayList.java:1596)
	at java.base/java.util.ArrayList.forEach(ArrayList.java:1596)
]]></error>
  </testcase>
  <testcase name="testSessionReconnection" classname="com.jerae.jsecurity.managers.AuthManagerTest" time="0.033">
    <error message="Could not initialize class org.bukkit.Registry" type="java.lang.NoClassDefFoundError"><![CDATA[java.lang.NoClassDefFoundError: Could not initialize class org.bukkit.Registry
	at org.bukkit.Material.lambda$new$0(Material.java:2777)
	at com.google.common.base.Suppliers$NonSerializableMemoizingSupplier.get(Suppliers.java:200)
	at org.bukkit.Material.asItemType(Material.java:3641)
	at org.bukkit.inventory.ItemStack.of(ItemStack.java:63)
	at org.bukkit.inventory.ItemStack.<init>(ItemStack.java:159)
	at org.bukkit.inventory.ItemStack.<init>(ItemStack.java:138)
	at org.bukkit.inventory.ItemStack.<init>(ItemStack.java:125)
	at org.bukkit.inventory.ItemStack.<init>(ItemStack.java:108)
	at com.jerae.jsecurity.managers.AuthManagerTest.setUp(AuthManagerTest.java:45)
	at java.base/java.lang.reflect.Method.invoke(Method.java:580)
	at java.base/java.util.ArrayList.forEach(ArrayList.java:1596)
	at java.base/java.util.ArrayList.forEach(ArrayList.java:1596)
Caused by: java.lang.ExceptionInInitializerError: Exception java.util.ServiceConfigurationError: io.papermc.paper.registry.RegistryAccess: Provider org.mockbukkit.mockbukkit.registry.RegistryAccessMock could not be instantiated [in thread "main"]
	at java.base/java.util.ServiceLoader.fail(ServiceLoader.java:586)
	at java.base/java.util.ServiceLoader$ProviderImpl.newInstance(ServiceLoader.java:813)
	at java.base/java.util.ServiceLoader$ProviderImpl.get(ServiceLoader.java:729)
	at java.base/java.util.ServiceLoader$3.next(ServiceLoader.java:1403)
	at java.base/java.util.ServiceLoader.findFirst(ServiceLoader.java:1813)
	at io.papermc.paper.registry.RegistryAccessHolder.<clinit>(RegistryAccessHolder.java:8)
	at io.papermc.paper.registry.RegistryAccess.registryAccess(RegistryAccess.java:24)
	at org.bukkit.Registry.legacyRegistryFor(Registry.java:67)
	at org.bukkit.Registry.<clinit>(Registry.java:97)
	... 12 more
]]></error>
  </testcase>
</testsuite>